         w __deregister_frame_info
         w __register_frame_info
         w __syscall_lock_close_recursive
         w userAppExit
         w userAppInit
00000000 00000802 B __ctru_dev_utf16_buf
00000000 b _TLS_MODULE_BASE_
00000000 a shift
00000000 a shift
00000804 00000401 B __ctru_dev_path_buf
00100000 A __start__
00100000 T _start
00100008 T __service_ptr
0010000c T __apt_appid
00100010 T __heap_size
00100014 T __linear_heap_size
00100018 T __system_arglist
0010001c T __system_runflags
00100020 t startup
00100058 t ClearMem
0010006c t ClrLoop
00100094 T _init
001000ac t .udivsi3_skip_div0_test
001000ac T __aeabi_uidiv
001000ac 000001ec T __udivsi3
00100298 00000020 T __aeabi_uidivmod
001002b8 T __aeabi_idiv
001002b8 00000220 T __divsi3
001002c0 t .divsi3_skip_div0_test
001004d8 00000020 T __aeabi_idivmod
001004f8 00000004 W __aeabi_idiv0
001004f8 00000004 W __aeabi_ldiv0
001004fc T __aeabi_drsub
00100504 000002b0 T __aeabi_dsub
00100504 000002b0 T __subdf3
00100508 000002ac T __adddf3
00100508 000002ac T __aeabi_dadd
001007b4 00000024 T __aeabi_ui2d
001007b4 00000024 T __floatunsidf
001007d8 00000028 T __aeabi_i2d
001007d8 00000028 T __floatsidf
00100800 00000048 T __aeabi_f2d
00100800 00000048 T __extendsfdf2
00100848 00000074 T __aeabi_ul2d
00100848 00000074 T __floatundidf
0010085c 00000060 T __aeabi_l2d
0010085c 00000060 T __floatdidf
001008bc T __aeabi_ldivmod
00100990 T __aeabi_uldivmod
001009e8 00000390 T strcmp
00100d70 t __do_global_dtors_aux
00100db0 t frame_dummy
00100de0 000004b4 T main
00101294 00000044 t C2Di_FrameEndHook
001012d8 0000036c T C2D_Init
00101644 0000004c T C2D_Fini
00101690 000000b8 T C2D_Prepare
00101748 00000048 T C2D_Flush
00101790 00000104 T C2D_SceneSize
00101894 00000058 T C2D_CreateScreenTarget
001018ec 00000064 T C2D_TargetClear
00101950 0000013c T C2Di_CalcQuad
00101a8c 00000058 T C2Di_AppendQuad
00101ae4 00000550 T C2Di_Update
00102034 000002b0 T C2D_DrawImage
001022e4 0000006c T C2D_SpriteSheetLoadFromHandle
00102350 00000048 T C2D_SpriteSheetLoad
00102398 00000028 T C2D_SpriteSheetFree
001023c0 00000008 T C2D_SpriteSheetCount
001023c8 0000002c T C2D_SpriteSheetGetImage
001023f4 00000004 W C3Di_LightEnvUpdate
001023f8 00000004 W C3Di_LightEnvDirty
001023fc 000000b4 t C3Di_AptEventHook
001024b0 00000004 W C3Di_GasUpdate
001024b4 000001e0 T C3D_Init
00102694 00000098 T C3D_SetViewport
0010272c 000004e8 T C3Di_UpdateContext
00102c14 000000e0 T C3Di_SplitFrame
00102cf4 00000010 T C3D_GetCmdBufUsage
00102d04 00000044 T C3D_Fini
00102d48 00000114 T C3D_BindProgram
00102e5c 0000004c t onVBlank0
00102ea8 0000004c t onVBlank1
00102ef4 00000080 t C3Di_RenderTargetDestroy
00102f74 000000f4 t onQueueFinish
00103068 00000038 T C3Di_RenderQueueEnableVBlank
001030a0 00000030 T C3Di_RenderQueueDisableVBlank
001030d0 00000060 T C3Di_RenderQueueInit
00103130 000000b0 T C3Di_RenderQueueExit
001031e0 00000034 T C3Di_RenderQueueWaitDone
00103214 000000e4 T C3D_FrameBegin
001032f8 00000048 T C3D_FrameDrawOn
00103340 00000058 T C3D_FrameSplit
00103398 000001d8 T C3D_FrameEnd
00103570 0000001c T C3D_FrameEndHook
0010358c 00000018 T C3D_GetDrawingTime
001035a4 00000018 T C3D_GetProcessingTime
001035bc 00000184 T C3D_RenderTargetCreate
00103740 000000a8 T C3D_RenderTargetSetOutput
001037e8 000000fc T C3D_SyncTextureCopy
001038e4 00000294 T C3D_TexInitWithParams
00103b78 000000c8 T C3D_TexLoadImage
00103c40 00000044 T C3D_TexBind
00103c84 00000074 T C3D_TexDelete
00103cf8 0000016c T C3Di_SetTex
00103e64 000003f4 t Tex3DSi_ImportCommon
00104258 00000038 T Tex3DS_TextureImportStdio
00104290 00000008 T Tex3DS_GetNumSubTextures
00104298 0000001c T Tex3DS_GetSubTexture
001042b4 00000004 T Tex3DS_TextureFree
001042b8 0000001c T C3D_CalcColorBufSize
001042d4 0000001c T C3D_CalcDepthBufSize
001042f0 00000044 T C3D_SetFrameBuf
00104334 0000016c T C3Di_FrameBufBind
001044a0 000000c8 T C3D_FrameBufClear
00104568 00000044 T C3D_FrameBufTransfer
001045ac 00000034 T C3D_GetTexEnv
001045e0 00000024 T C3Di_TexEnvBind
00104604 00000218 T C3D_DrawElements
0010481c 00000070 T C3D_ProcTexInit
0010488c 00000054 T C3D_ProcTexBind
001048e0 0000005c T C3D_ProcTexLutBind
0010493c 000000a4 T ProcTexLut_FromArray
001049e0 0000017c T C3Di_ProcTexUpdate
00104b5c 00000068 T C3Di_ProcTexDirty
00104bc4 00000024 T BufInfo_Init
00104be8 00000080 T BufInfo_Add
00104c68 00000040 T C3D_SetBufInfo
00104ca8 00000048 T C3Di_BufInfoBind
00104cf0 00000040 T C3D_DepthMap
00104d30 0000001c T C3D_CullFace
00104d4c 00000040 T C3D_StencilTest
00104d8c 00000024 T C3D_StencilOp
00104db0 0000001c T C3D_BlendingColor
00104dcc 00000024 T C3D_EarlyDepthTest
00104df0 0000002c T C3D_DepthTest
00104e1c 0000002c T C3D_AlphaTest
00104e48 00000050 T C3D_AlphaBlend
00104e98 00000030 T C3D_FragOpMode
00104ec8 00000044 T C3D_FragOpShadow
00104f0c 000001ac T C3Di_EffectBind
001050b8 00000028 T AttrInfo_Init
001050e0 00000094 T AttrInfo_AddLoader
00105174 00000054 T C3D_SetAttrInfo
001051c8 00000080 T C3Di_AttrInfoBind
00105248 000000a8 T C3D_ImmSendAttrib
001052f0 00000280 T C3D_UpdateUniforms
00105570 000000c0 T C3Di_DirtyUniforms
00105630 000000d8 T C3Di_LoadShaderUniforms
00105708 00000028 T C3Di_ClearShaderUniforms
00105730 000000cc T Mtx_Ortho
001057fc 000000cc T Mtx_OrthoTilt
001058c8 00000024 t addrMapNodeComparator(rbtree_node const*, rbtree_node const*)
001058ec 00000004 t addrMapNodeDestructor(rbtree_node*)
001058f0 00000250 T vramMemAlignAt
00105b40 0000000c T vramAlloc
00105b4c 0000000c T vramAllocAt
00105b58 00000090 T vramFree
00105be8 00000024 t addrMapNodeComparator(rbtree_node const*, rbtree_node const*)
00105c0c 00000004 t addrMapNodeDestructor(rbtree_node*)
00105c10 00000120 T linearMemAlign
00105d30 00000008 T linearAlloc
00105d38 0000005c T linearFree
00105d94 00000080 T MemPool::CoalesceRight(MemBlock*)
00105e14 0000016c T MemPool::Allocate(MemChunk&, unsigned long, int)
00105f80 000000fc T MemPool::Deallocate(MemChunk const&)
0010607c 00000030 T MemPool::GetFreeSpace()
001060ac 00000008 t romfs_close
001060b4 000000c0 t romfs_seek
00106174 00000024 t romfs_dirreset
00106198 000000c8 t fill_dir
00106260 0000028c t romfs_dirnext
001064ec 00000084 t romfs_free
00106570 000000d4 t searchForFile.constprop.0
00106644 000000d8 t searchForDir.constprop.0
0010671c 000001c0 t navigateToDir.constprop.0
001068dc 0000010c t romfs_open
001069e8 0000004c t romfs_chdir
00106a34 00000070 t romfs_diropen
00106aa4 00000174 t romfs_stat
00106c18 00000008 t romfs_dirclose
00106c20 00000084 t romfs_fstat
00106ca4 000000d0 t romfs_read
00106d74 0000028c T romfsMountFromFile
00107000 00000098 T romfsMountFromCurrentProcess
00107098 00000260 T romfsMountSelf
001072f8 000000a0 T romfsUnmount
00107398 00000074 T osConvertVirtToPhys
0010740c 00000054 T osGetTimeRef
00107460 000000ec T osGetTime
00107550 00000038 T osTickCounterRead
00107588 00000034 T __ctru_speedup_config
001075bc 000001e8 t parseColor
001077a4 000001ac T consoleDrawChar
00107950 00000124 T consolePrintChar
00107a74 00000b94 T con_write
00108608 000000fc t newRow
00108704 00000168 T consoleInit
0010886c 000000d0 t gfxPresentFramebuffer
0010893c 0000001c T gfxIsWide
00108958 000000ec T gfxSetScreenFormat
00108a44 00000010 T gfxSetDoubleBuffering
00108a54 000000e0 T gfxInit
00108b34 00000010 T gfxInitDefault
00108b44 000000b4 T gfxExit
00108bf8 000000a0 T gfxGetFramebuffer
00108c98 00000104 T gfxFlushBuffers
00108d9c 00000030 T gfxScreenSwapBuffers
00108dcc 00000050 T gfxSwapBuffersGpu
00108e1c 000001d4 T shaderInstanceInit
00108ff0 00000018 T shaderInstanceGetUniformLocation
00109008 0000001c T shaderProgramInit
00109024 00000064 T shaderProgramFree
00109088 00000080 T shaderProgramSetVsh
00109108 000008e0 T shaderProgramConfigure
001099e8 000001cc t DVLE_GenerateOutmap.part.0
00109bb4 000001b4 T DVLB_ParseFile
00109d68 00000038 T DVLB_Free
00109da0 00000074 T DVLE_GetUniformRegister
00109e14 00000010 T GX_BindQueue
00109e24 00000078 T GX_ProcessCommandList
00109e9c 00000074 T GX_MemoryFill
00109f10 00000070 T GX_DisplayTransfer
00109f80 00000074 T GX_TextureCopy
00109ff4 00000068 t gxCmdQueueDoCommands.part.0
0010a05c 000000c8 T gxCmdQueueInterrupt
0010a124 0000004c T gxCmdQueueClear
0010a170 000000f8 T gxCmdQueueAdd
0010a268 00000080 T gxCmdQueueRun
0010a2e8 00000060 T gxCmdQueueStop
0010a348 00000074 T gxCmdQueueWait
0010a3bc 0000013c T GPUCMD_Add
0010a4f8 000000b0 T GPUCMD_Split
0010a5a8 00000034 T f32tof16
0010a5dc 00000034 T f32tof24
0010a610 00000038 T f32tof31
0010a648 00000c58 t gspHardwareInit
0010b2a0 00000248 T gspInit
0010b4e8 000000f0 T gspExit
0010b5d8 00000010 T gspHasGpuRight
0010b5e8 000000a0 T gspPresentBuffer
0010b688 00000030 T gspSetEventCallback
0010b6b8 00000044 T gspWaitForEvent
0010b6fc 0000004c T gspWaitForAnyEvent
0010b748 00000158 t gspEventThreadMain
0010b8a0 00000130 T gspSubmitGxCommand
0010b9d0 00000050 T GSPGPU_FlushDataCache
0010ba20 00000034 T GSPGPU_SetLcdForceBlack
0010ba54 00000068 T GSPGPU_AcquireRight
0010babc 00000048 T GSPGPU_ReleaseRight
0010bb04 0000007c T GSPGPU_ImportDisplayCaptureInfo
0010bb80 0000002c T GSPGPU_SaveVramSysArea
0010bbac 0000002c T GSPGPU_RestoreVramSysArea
0010bbd8 000001a4 t aptConvertScreenForCapture
0010bd7c 00000008 W aptDspSleep
0010bd84 00000004 W aptDspWakeup
0010bd88 00000004 W aptDspCancel
0010bd8c 00000158 T aptSendCommand
0010bee8 00000044 t aptExitProcess
0010bf2c 000002f4 T aptExit
0010c220 000000e0 T aptHandleSleep
0010c300 00000030 T aptHook
0010c330 00000030 T aptUnhook
0010c360 00000084 T APT_SleepIfShellClosed
0010c3e4 00000084 T aptSetSleepAllowed
0010c468 00000084 T APT_UnlockTransition
0010c4f0 000004a4 t aptEventHandler
0010c994 000000b0 T APT_ReceiveParameter
0010ca44 000000b0 t aptReceiveParameter.constprop.0
0010caf8 000002ac t aptScreenTransfer
0010cda4 00000344 t aptWaitForWakeUp.isra.0
0010d0e8 00000100 T aptJumpToHomeMenu
0010d1e8 00000048 T aptMainLoop
0010d230 0000022c T aptInit
0010d45c 0000007c T APT_CheckNew3DS
0010d4d8 00000024 W hidShouldUseIrrst
0010d4fc 0000018c T hidInit
0010d688 000000e8 T hidExit
0010d770 000002a4 T hidScanInput
0010da14 00000010 T hidKeysHeld
0010da24 00000010 T hidKeysDown
0010da34 00000074 T ptmSysmInit
0010daa8 0000003c T ptmSysmExit
0010dae4 00000034 T PTMSYSM_ConfigureNew3DSCPU
0010db18 000000cc T fsInit
0010dbe4 0000003c T fsExit
0010dc20 00000060 T fsExemptFromSession
0010dc80 00000050 T fsUnexemptFromSession
0010dcd0 000000cc T FSUSER_OpenFile
0010dd9c 000000d4 T FSUSER_OpenFileDirectly
0010de70 000000bc T FSUSER_DeleteFile
0010df2c 000000f8 T FSUSER_RenameFile
0010e024 000000bc T FSUSER_DeleteDirectory
0010e0e0 000000d4 T FSUSER_CreateFile
0010e1b4 000000c4 T FSUSER_CreateDirectory
0010e278 000000f8 T FSUSER_RenameDirectory
0010e370 000000b4 T FSUSER_OpenDirectory
0010e424 00000098 T FSUSER_OpenArchive
0010e4bc 0000008c T FSUSER_CloseArchive
0010e548 00000074 T FSUSER_GetSdmcArchiveResource
0010e5bc 00000064 T FSUSER_IsSdmcWritable
0010e620 00000058 T FSFILE_Read
0010e678 00000060 T FSFILE_Write
0010e6d8 0000003c T FSFILE_GetSize
0010e714 00000028 T FSFILE_SetSize
0010e73c 0000003c T FSFILE_Close
0010e778 00000024 T FSFILE_Flush
0010e79c 00000050 T FSDIR_Read
0010e7ec 0000003c T FSDIR_Close
0010e828 000000c4 t buffer_read
0010e8ec 000000d0 t iov_read
0010e9bc 00000138 t iov_memmove
0010eaf4 000001dc t decompress_rle
0010ecd0 00000244 t decompress_lzss
0010ef14 00000424 t decompress_lz11
0010f338 000002d8 t decompress_huff
0010f610 00000010 T decompressCallback_Stdio
0010f620 000000dc T decompressHeader
0010f6fc 00000240 T decompressV
0010f93c 00000010 T rbtree_init
0010f94c 000001b4 t do_insert
0010fb00 00000008 T rbtree_insert
0010fb08 00000090 T rbtree_rotate
0010fb98 00000318 T rbtree_remove
0010feb0 00000074 T rbtree_find
0010ff24 000000e8 T utf16_to_utf8
0011000c 00000064 T decode_utf16
00110070 000000c0 T utf8_to_utf16
00110130 000001e0 W __system_allocateHeaps
00110310 00000038 W __libctru_init
00110348 00000170 W __system_initArgv
001104b8 T svcControlMemory
001104d8 T svcQueryMemory
00110508 T svcExitProcess
00110510 T svcCreateThread
00110530 T svcExitThread
00110538 T svcSleepThread
00110540 T svcReleaseMutex
00110548 T svcCreateEvent
0011055c T svcSignalEvent
00110564 T svcClearEvent
0011056c T svcMapMemoryBlock
00110574 T svcUnmapMemoryBlock
0011057c T svcCreateAddressArbiter
00110590 T svcArbitrateAddressNoTimeout
00110598 T svcCloseHandle
001105a0 T svcWaitSynchronization
001105a8 T svcWaitSynchronizationN
001105d0 T svcDuplicateHandle
001105e4 T svcGetSystemTick
001105ec T svcConnectToPort
00110600 T svcSendSyncRequest
00110608 T svcGetResourceLimit
0011061c T svcGetResourceLimitLimitValues
00110624 T svcGetResourceLimitCurrentValues
0011062c T svcBreak
00110634 W initSystem
00110684 W __ctru_exit
0011069c T __aeabi_read_tp
001106a8 0000000c T __sync_init
001106b4 00000018 T __sync_fini
001106cc 0000002c T syncArbitrateAddress
001106f8 000000b0 T LightLock_Lock
001107a8 00000040 T LightLock_Unlock
001107e8 00000024 T RecursiveLock_Init
0011080c 00000030 T RecursiveLock_Lock
0011083c 00000054 T RecursiveLock_Unlock
00110890 00000040 T LightEvent_Init
001108d0 000000a4 T LightEvent_Clear
00110974 000000c8 T LightEvent_Signal
00110a3c 00000050 T LightEvent_TryWait
00110a8c 000000b0 T LightEvent_Wait
00110b3c 00000084 W envGetHandle
00110bc0 00000050 W envDestroyHandles
00110c10 00000130 T srvInit
00110d40 00000058 T srvExit
00110d98 000000a0 T srvGetServiceHandleDirect
00110e38 00000038 T srvGetServiceHandle
00110e70 00000038 T srvPublishToSubscriber
00110ea8 00000178 T threadCreate
00111020 0000002c T threadFree
0011104c 00000024 T threadJoin
00111070 00000030 T threadGetCurrent
001110a0 00000040 T threadExit
001110e0 00000020 t _thread_begin
00111100 000000b4 t mappableFindAddressWithin
001111b4 00000028 T mappableInit
001111dc 00000080 T mappableAlloc
0011125c 00000004 T mappableFree
00111260 00000164 T irrstInit
001113c4 000000cc T irrstExit
00111490 000000b4 T irrstScanInput
00111544 00000024 T irrstKeysHeld
00111568 0000000c T srvPmGetSessionHandle
00111574 0000005c T rbtree_node_next
001115d0 00000054 T encode_utf16
00111624 000000e0 T encode_utf8
00111704 0000013c T decode_utf8
00111840 00000030 W __appInit
00111870 00000030 T __syscall_getreent
001118a0 00000074 T __syscall_gettod_r
00111914 00000004 T __syscall_lock_acquire
00111918 00000004 T __syscall_lock_release
0011191c 00000004 T __syscall_lock_init_recursive
00111920 00000004 T __syscall_lock_acquire_recursive
00111924 00000004 T __syscall_lock_release_recursive
00111928 00000004 T __syscall_exit
0011192c 00000050 T initThreadVars
0011197c 00000068 T __system_initSyscalls
001119e4 00000030 W __appExit
00111a14 00000090 W __libctru_exit
00111aa4 00000014 t archive_link
00111ab8 00000014 t archive_dirreset
00111acc 00000014 t archive_chmod
00111ae0 00000024 t error_cmp
00111b04 00000050 t archive_translate_error
00111b54 000000c8 t archive_seek
00111c1c 0000007c t _archiveInit.part.0
00111c98 000000c4 t archiveFindDevice.part.0
00111d5c 0000025c t archive_utf16path
00111fb8 000000a0 t _archiveUnmountDeviceStruct.part.0
00112058 00000014 t archive_fchmod
0011206c 00000014 t archive_statvfs
00112080 00000164 t _archiveMountDevice
001121e4 000000e8 t archive_diropen
001122cc 000000a4 t archive_fstat
00112370 0000006c t archive_close
001123dc 0000006c t archive_fsync
00112448 00000070 t archive_dirclose
001124b8 000000e8 t sdmc_statvfs
001125a0 000000ec t archive_chdir
0011268c 0000007c t archive_ftruncate
00112708 000000ac t archive_read
001127b4 000000a4 t archive_unlink
00112858 000000bc t archive_rmdir
00112914 000000dc t archive_mkdir
001129f0 0000019c t archive_stat
00112b8c 0000015c t archive_dirnext
00112ce8 000000ec t archive_write
00112dd4 000001d4 t archive_open
00112fa8 00000278 t archive_rename
00113220 0000019c T archiveMountSdmc
001133bc 00000054 T archiveUnmountAll
00113410 0000022c T cosf
0011363c 00000024 t with_errnof
00113660 0000001c T __math_invalidf
00113680 0000024c T sinf
001138cc 00000120 T __udivmoddi4
001139ec 00000078 T bsearch
00113a64 00000020 T calloc
00113a84 000000c0 T _calloc_r
00113b44 0000000c T __errno
00113b50 00000034 T exit
00113b84 0000015c T _fclose_r
00113ce0 00000018 T fclose
00113cf8 00000234 T __sflush_r
00113f2c 00000094 T _fflush_r
00113fc0 00000038 T fflush
00113ff8 0000000c T _cleanup_r
00114004 00000184 T __sinit
00114188 00000134 T __sfp
001142bc 0000000c T __sfp_lock_acquire
001142c8 0000000c T __sfp_lock_release
001142d4 0000003c T __libc_fini_array
00114310 00000134 T _fopen_r
00114444 00000020 T fopen
00114464 000002d0 T _fread_r
00114734 00000038 T fread
0011476c 000000f8 T _malloc_trim_r
00114864 000002e8 T _free_r
00114b4c 0000001c T _fseek_r
00114b68 00000590 T _fseeko_r
001150f8 00000068 T _fwalk
00115160 00000070 T _fwalk_reent
001151d0 00000084 T __libc_init_array
00115254 00000138 T __smakebuf_r
0011538c 0000008c T __swhatbuf_r
00115418 00000020 T memalign
00115438 0000014c T _memalign_r
00115584 00000018 T malloc
0011559c 00000018 T free
001155b4 000007e4 T _malloc_r
00115d98 000000e4 T memchr
00115e7c 000000b0 T memcmp
00115f2c 00000118 T memcpy
00116044 000000f4 T memset
00116138 0000000c T __malloc_lock
00116144 0000000c T __malloc_unlock
00116150 00000034 T printf
00116184 0000001c T srand
001161a0 00000044 T rand
001161e4 0000001c t lflush
00116200 00000198 T __srefill_r
00116398 0000025c T setvbuf
001165f4 00000074 T sscanf
00116668 00000044 T __sread
001166ac 00000008 T __seofread
001166b4 00000068 T __swrite
0011671c 00000044 T __sseek
00116760 00000008 T __sclose
00116768 00000130 T strchr
00116898 0000005c T strlen
001168f4 000000e4 T strncat
001169d8 000000e4 T strncmp
00116abc 000000c4 T strncpy
00116b80 00000048 T strnlen
00116bc8 000001c4 t _strtoul_l.constprop.0
00116d8c 00000004 T _strtoul_r
00116d90 00000028 T strtoul
00116db8 00000050 t get_arg
00116e08 00002c38 T __ssvfscanf_r
00119a40 0000003c T time
00119a7c 0000066c t get_arg
0011a0e8 0000339c T _vfprintf_r
0011d484 000000d0 t __sbprintf
0011d554 00000054 T _wcrtomb_r
0011d5a8 00000028 T _wcsrtombs_r
0011d5d0 0000013c T __swsetup_r
0011d70c 00000114 T __call_exitprocs
0011d820 000001b0 t quorem
0011d9d0 000011f8 T _dtoa_r
0011ebc8 000000c8 T __sflags
0011ec90 00000008 T iswspace
0011ec98 0000000c T _localeconv_r
0011eca4 00000010 T __locale_mb_cur_max
0011ecb4 00000068 T _mbrtowc_r
0011ed1c 000002f8 T __utf8_mbtowc
0011f014 00000088 T _Balloc
0011f09c 0000001c T _Bfree
0011f0b8 000000f4 T __multadd
0011f1ac 00000110 T __s2b
0011f2bc 00000060 T __hi0bits
0011f31c 0000009c T __lo0bits
0011f3b8 000000a8 T __i2b
0011f460 00000204 T __multiply
0011f664 00000124 T __pow5mult
0011f788 00000140 T __lshift
0011f8c8 00000058 T __mcmp
0011f920 000001ec T __mdiff
0011fb0c 00000068 T __ulp
0011fb74 000000d0 T __b2d
0011fc44 00000120 T __d2b
0011fd64 00000078 T __ratio
0011fddc 00000088 T __copybits
0011fe64 0000005c T __any_on
0011fec0 00000020 T realloc
0011fee0 000004a0 T _realloc_r
00120380 000000f4 T __sccl
00120474 0000000c T nanf
00120480 00000088 T frexp
00120508 00000064 T sprintf
0012056c 000000cc T stpncpy
00120638 00000064 t sulp
001206a0 000013a8 T _strtod_l
00121a48 0000000c T _strtod_r
00121a54 0000022c t _strtoll_l.constprop.0
00121c80 00000004 T _strtoll_r
00121c84 000001a4 t _strtol_l.part.0
00121e28 0000003c T _strtol_r
00121e64 00000244 t _strtoull_l.constprop.0
001220a8 00000004 T _strtoull_r
001220ac 00000188 T __ssprint_r
00122234 000000d4 T _sungetc_r
00122308 0000006c T __ssrefill_r
00122374 000000c4 T _sfread_r
00122438 0000066c t get_arg
00122aa8 00003334 T _svfprintf_r
00125ddc 000000a8 T __submore
00125e84 0000066c t get_arg
001264f0 00000030 T __sprint_r
00126520 000022ec T _vfiprintf_r
0012880c 000000d0 t __sbprintf
001288dc 00000188 T _wcsnrtombs_l
00128a64 0000004c T _wcsnrtombs_r
00128ab0 000000f0 T __utf8_wctomb
00128ba0 0000005c T __assert_func
00128bfc 0000003c T fiprintf
00128c38 000004b4 T __sfvwrite_r
001290ec 000000f0 t rshift
001291dc 00000814 T __gethex
001299f0 0000004c T __match
00129a3c 0000029c T __hexnan
00129cd8 0000003c T iswspace_l
00129d14 000001d8 t __jp2uc
00129eec 0000009c T _jp2uc_l
00129f88 00000150 T memmove
0012a0d8 00000010 T nan
0012a0e8 00000014 T abort
0012a0fc 0000008c T category
0012a188 00000090 T _raise_r
0012a218 00000018 T raise
0012a230 00000008 t null_write
0012a238 00000018 T setDefaultDevice
0012a250 000000c8 T FindDevice
0012a318 00000028 T RemoveDevice
0012a340 0000009c T AddDevice
0012a3dc 00000020 T GetDeviceOpTab
0012a3fc 00000078 T _fstat_r
0012a474 00000014 T _getpid_r
0012a488 00000030 T _gettimeofday_r
0012a4b8 00000008 T _isatty_r
0012a4c0 00000014 T _kill_r
0012a4d4 00000084 T _lseek_r
0012a558 000000c0 T _open_r
0012a618 00000080 T _read_r
0012a698 00000078 T _sbrk_r
0012a710 00000080 T _write_r
0012a790 00000020 T _exit
0012a7b0 000001a4 T _concatenate_path
0012a954 00000140 T chdir
0012aa94 00000008 T __flockfile
0012aa9c 00000008 T __funlockfile
0012aaa4 0000008c T __release_handle
0012ab30 000000b0 T __alloc_handle
0012abe0 0000003c T __get_handle
0012ac1c 000000f4 T _close_r
0012ad10 0000002c T __getreent
0012ad3c 0000001c T __libc_lock_acquire
0012ad58 0000001c T __libc_lock_release
0012ad74 0000001c T __libc_lock_init_recursive
0012ad90 0000001c T __libc_lock_acquire_recursive
0012adac 0000001c T __libc_lock_release_recursive
0012adc8 0000001c T __libc_lock_close_recursive
0012ade4 00000038 T __aeabi_d2lz
0012ade4 00000038 T __fixdfdi
0012ae20 00000040 T __aeabi_d2ulz
0012ae20 00000040 T __fixunsdfdi
0012ae60 00000048 T strrchr
0012aea8 T _fini
0012b108 00000008 r s_defaultTint.0
0012b114 R render2d_shbin
0012b2a0 R render2d_shbin_end
0012b2a0 R render2d_shbin_size
0012b2a4 00000038 r CSWTCH.19
0012b2dc 00000005 r colorFmtSizes
0012b2e4 00000004 r depthFmtSizes
0012b2e8 00000010 r CSWTCH.9
0012b31c 00000070 r romFS_devoptab
0012b404 00000070 r dotab_stdout
0012b474 00000018 r grayScale
0012b48c 00000006 r colorCube
0012b494 00000030 r colorTable
0012b4e8 00000008 r morton_y.2
0012b4f0 00000008 r morton_x.3
0012b4f8 00000008 r s_sleepWakeEvents.4
0012b538 R default_font_bin
0012bd38 R default_font_bin_end
0012bd5c 00000030 r error_table
0012bd94 00000070 r archive_devoptab
0012be04 00000060 R __inv_pio4
0012be68 000000e0 R __sincosf_table
0012bf48 00000004 R _global_impure_ptr
0012bf54 00000022 r basefix.0
0012bfb4 00000010 r zeroes.0
0012bfc4 00000010 r blanks.1
0012bfd4 00000101 R _ctype_
0012c0e8 r .LC2
0012c1d8 0000000c r p05.0
0012c1e8 00000028 R __mprec_bigtens
0012c210 000000c8 R __mprec_tens
0012c2e8 00000014 r fpinan.0
0012c2fc 00000014 r fpi.1
0012c310 00000028 r tinytens
0012c338 0000006c R __action_table
0012c3a4 0000006c R __state_table
0012c410 00000100 R __chclass
0012c510 00000010 r zeroes.0
0012c520 00000010 r blanks.1
0012c530 00000010 r zeroes.0
0012c540 00000010 r blanks.1
0012c5e0 00000100 R __hexdig
0012c6f4 00001a7c r d02f4
0012e170 0000172a r b02cf
0012f89c 00000040 r a8
0012f8dc 000000a2 r a7
0012f980 00000070 r a6
0012f9f0 0000005b r a3
0012fa4c 000000bc r a2
0012fb08 000000bc r a1
0012fbc4 00003528 r categories
001330ec 00000070 R dotab_stdnull
0013315c R __tdata_align
00133160 r 
00133160 R __exidx_end
00133160 R __exidx_start
00134000 00000004 d numSprites
00134004 00000004 d framerate
00134008 00000008 d framerateCounter
00134010 00000001 d firstConsoleInit.0
00134014 00000004 D currentConsole
00134018 00000048 D defaultConsole
00134060 00000004 d queueLock
00134064 00000004 d kCount
00134068 00000004 d kInterval
0013406c 00000004 d kDelay
00134070 W __stacksize__
00134074 00000004 D _impure_ptr
00134078 00000460 d impure_data
001344d8 00000004 D __malloc_sbrk_base
001344dc 00000004 D __malloc_trim_threshold
001344e0 00000408 D __malloc_av_
001348e8 0000016c D __global_locale
00134a54 0000008c D devoptab_list
00134ae0 00000004 d defaultDevice
00134ae4 00000400 d _current_working_directory
00134ee4 00001000 d handles
00135ee4 0000000c d __stderr_handle
00135ef0 0000000c d __stdout_handle
00135efc 0000000c d __stdin_handle
00135f10 d _GLOBAL_OFFSET_TABLE_
00135f1c d __frame_dummy_init_array_entry
00135f1c D __init_array_start
00135f1c B __preinit_array_end
00135f1c B __preinit_array_start
00135f1c D __tdata_lma
00135f1c D __tdata_lma_end
00135f20 d __do_global_dtors_aux_fini_array_entry
00135f20 D __fini_array_start
00135f20 D __init_array_end
00135f24 D __bss_start__
00135f24 D __fini_array_end
00135f28 00000004 b spriteSheet
00135f30 00009000 b sprites
0013ef30 b completed.1
0013ef34 b object.0
0013ef50 000005a8 B __C2Di_Context
0013f4f8 00000040 b s_projBot
0013f538 00000040 b s_projTop
0013f578 00000004 b uLoc_mdlvMtx
0013f57c 00000004 b uLoc_projMtx
0013f580 000002d0 B __C3D_Context
0013f850 0000000c b hookCookie
0013f860 00000010 b cpuTime
0013f870 00000004 b firstTarget
0013f874 00000008 b frameCounter
0013f87c 00000004 b frameEndCb
0013f880 00000004 b frameEndCbData
0013f888 00000010 b gpuTime
0013f898 00000001 b inFrame
0013f899 00000001 b inSafeTransfer
0013f89a 00000001 b isTopStereo
0013f89c 00000004 b lastTarget
0013f8a0 0000000c b linkedTarget
0013f8ac 00000001 b measureGpuTime
0013f8ad 00000001 b needSwapBot
0013f8ae 00000001 b needSwapTop
0013f8b0 00000004 B C3D_BoolUnifs
0013f8b4 00000002 B C3D_BoolUnifsDirty
0013f8b8 00000c00 B C3D_FVUnif
001404b8 000000c0 B C3D_FVUnifDirty
00140578 00000020 B C3D_IVUnif
00140598 00000008 B C3D_IVUnifDirty
001405a0 000000c0 b C3Di_FVUnifEverDirty
00140660 00000008 b C3Di_IVUnifEverDirty
00140668 00000018 b C3Di_ShaderFVecData
00140680 00000008 b sVramPoolB
00140688 00000008 b sVramPoolA
00140690 0000000c b sAddrMap
001406a0 00000008 b sLinearPool
001406a8 0000000c b sAddrMap
001406b4 00000004 b romfs_mount_list
001406b8 00000004 V __romfs_path
001406bc 00000001 V __ctru_speedup
001406c0 00000048 B currentCopy
00140708 00000004 b screenAlloc
0014070c 00000004 b screenFree
00140710 00000002 b gfxIsDoubleBuf
00140714 00000002 b gfxCurBuf
00140716 00000001 b gfxIsVram
00140717 00000001 b gfxTopMode
00140718 00000002 b gfxFramebufferFormats
0014071c 00000004 b gfxBottomFramebufferMaxSize
00140720 00000004 b gfxTopFramebufferMaxSize
00140728 00000008 b gfxBottomFramebuffers
00140730 00000008 b gfxTopFramebuffers
00140738 00000004 b boundQueue
0014073c 00000001 b shouldStop
0014073d 00000001 b isRunning
0014073e 00000001 b isActive
00140740 00000004 b curQueue
00140744 00000004 B gpuCmdBufOffset
00140748 00000004 B gpuCmdBufSize
0014074c 00000004 B gpuCmdBuf
00140750 00000007 b gspEventCbOneShot
00140758 0000001c b gspEventCbData
00140774 0000001c b gspEventCb
00140790 00000038 b gspEvents
001407c8 00000004 b gspLastEvent
001407cc 00000001 b gspRunEvents
001407d0 00000004 b gspEventThread
001407d4 00000004 b gspEvent
001407d8 00000001 b gspGpuRight
001407d9 00000001 b gspThreadId
001407dc 00000004 b gspSharedMem
001407e0 00000004 b gspSharedMemHandle
001407e4 00000004 b gspRefCount
001407e8 00000004 b gspGpuHandle
001407ec 00000001 b flagValue.0
001407ed 00000001 b flagInit.1
001407f0 00000004 b serviceName.6
001407f4 00000001 b aptChainloadMediatype
001407f8 00000008 b aptChainloadTid
00140800 00000001 b aptChainloadFlags
00140804 00001000 b aptParameters
00141804 00000004 b aptFlags
00141808 00000001 b aptHomeButtonState
0014180c 00000004 b aptMessageFuncData
00141810 00000004 b aptMessageFunc
00141814 0000000c b aptFirstHook
00141820 00000001 b aptEventHandlerThreadQuit
00141824 00000004 b aptEventHandlerThread
00141828 00000008 b aptSleepEvent
00141830 00000008 b aptReceiveEvent
00141838 00000008 b aptEvents
00141840 00000004 b aptLockHandle
00141844 00000004 b aptRefCount
00141848 00000001 b usingIrrst
0014184c 00000004 b hidRefCount
00141850 00000006 b gRate
00141858 00000006 b aVec
00141860 00000004 b cPos
00141864 00000004 b tPos
00141868 00000004 b kRepeat
0014186c 00000004 b kUp
00141870 00000004 b kDown
00141874 00000004 b kHeld
00141878 00000004 b kOld
0014187c 00000004 B hidSharedMem
00141880 00000014 B hidEvents
00141894 00000004 B hidMemHandle
00141898 00000004 B hidHandle
0014189c 00000004 b ptmSysmRefCount
001418a0 00000004 b ptmSysmHandle
001418a8 00000080 b fsExemptArchives
00141928 00000004 b fsuRefCount
0014192c 00000004 b fsuHandle
00141930 00000004 V __ctru_linear_heap_size
00141934 00000004 V __ctru_heap_size
00141938 00000004 B __ctru_linear_heap
0014193c 00000004 B __ctru_heap
00141940 00000004 B __system_retAddr
00141944 00000004 B __system_argv
00141948 00000004 B __system_argc
0014194c b saved_stack
00141954 00000004 b arbiter
00141958 00000004 B __3dslink_host
0014195c 00000004 b srvRefCount
00141960 00000004 b srvHandle
00141964 00000004 b currentAddr
00141968 00000004 b maxAddr
0014196c 00000004 b minAddr
00141970 00000004 b irrstRefCount
00141974 00000004 b csPos
00141978 00000004 b kHeld
0014197c 00000004 B irrstSharedMem
00141980 00000004 B irrstEvent
00141984 00000004 B irrstMemHandle
00141988 00000004 B irrstHandle
0014198c 00000004 b srvPmHandle
00141990 00000540 b archive_devices
00141ed0 00000004 b archive_device_cwd
00141ed4 00000001 b archive_initialized
00141ed8 0000000c b __sinit_recursive_mutex
00141ee4 0000000c b __sfp_recursive_mutex
00141ef0 00000028 B __malloc_current_mallinfo
00141f18 00000004 B __malloc_max_total_mem
00141f1c 00000004 B __malloc_max_sbrked_mem
00141f20 00000004 B __malloc_top_pad
00141f24 0000000c b __malloc_recursive_mutex
00141f30 0000000c B __atexit_recursive_mutex
00141f3c 00000004 b heap_start.0
00141f40 00000004 B fake_heap_start
00141f44 00000004 B fake_heap_end
00141f48 00000400 b temp_cwd
00142348 00000004 b __hndl_lock
0014234c B __tls_start
00142f54 B __bss_end__
00142f54 A __end__
00142f54 B __tls_end
